<?xml version="1.0" encoding="UTF-8"?>
<!-- Generated by org.testng.reporters.JUnitXMLReporter -->
<testsuite ignored="5" hostname="MacBook-Pro.local" failures="0" tests="1" name="Default test" time="17.198" errors="0" timestamp="2024-05-21T12:24:52 ICT">
  <testcase classname="automation.testsuite.LongHoang.TS_ParticeLocateElement_Ex2" name="elementTagName" time="0.022"/>
  <testcase classname="automation.testsuite.LongHoang.TS_ParticeLocateElement_Ex2" name="elementParitalLinkText" time="0.0">
    <ignored/>
  </testcase> <!-- elementParitalLinkText -->
  <testcase classname="automation.testsuite.LongHoang.TS_ParticeLocateElement_Ex2" name="nameElement" time="0.0">
    <ignored/>
  </testcase> <!-- nameElement -->
  <testcase classname="automation.testsuite.LongHoang.TS_ParticeLocateElement_Ex2" name="nameElementN" time="0.0">
    <ignored/>
  </testcase> <!-- nameElementN -->
  <testcase classname="automation.testsuite.LongHoang.TS_ParticeLocateElement_Ex2" name="elementClassName" time="0.0">
    <ignored/>
  </testcase> <!-- elementClassName -->
  <testcase classname="automation.testsuite.LongHoang.TS_ParticeLocateElement_Ex2" name="nameElementLinkText" time="0.0">
    <ignored/>
  </testcase> <!-- nameElementLinkText -->
</testsuite> <!-- Default test -->
