<?xml version="1.0" encoding="UTF-8"?>
<!-- Generated by org.testng.reporters.JUnitXMLReporter -->
<testsuite ignored="5" hostname="MacBook-Pro.local" failures="0" tests="1" name="Default test" time="23.544" errors="0" timestamp="2024-05-19T21:34:40 ICT">
  <testcase classname="testsuite.Test_PraticeLocateElement" name="locateElementbyLinkText2" time="0.138"/>
  <testcase classname="testsuite.Test_PraticeLocateElement" name="locateElementbyname" time="0.0">
    <ignored/>
  </testcase> <!-- locateElementbyname -->
  <testcase classname="testsuite.Test_PraticeLocateElement" name="locateElement" time="0.0">
    <ignored/>
  </testcase> <!-- locateElement -->
  <testcase classname="testsuite.Test_PraticeLocateElement" name="locateElementbyTagName" time="0.0">
    <ignored/>
  </testcase> <!-- locateElementbyTagName -->
  <testcase classname="testsuite.Test_PraticeLocateElement" name="locateElementbyLinkText" time="0.0">
    <ignored/>
  </testcase> <!-- locateElementbyLinkText -->
  <testcase classname="testsuite.Test_PraticeLocateElement" name="locateElementbyClassName" time="0.0">
    <ignored/>
  </testcase> <!-- locateElementbyClassName -->
</testsuite> <!-- Default test -->
