<?xml version="1.0" encoding="UTF-8"?>
<testng-results ignored="5" total="6" passed="1" failed="0" skipped="0">
  <reporter-output>
  </reporter-output>
  <suite started-at="2024-05-19T21:34:17 ICT" name="Default suite" finished-at="2024-05-19T21:34:40 ICT" duration-ms="23544">
    <groups>
    </groups>
    <test started-at="2024-05-19T21:34:17 ICT" name="Default test" finished-at="2024-05-19T21:34:40 ICT" duration-ms="23544">
      <class name="testsuite.Test_PraticeLocateElement">
        <test-method is-config="true" signature="openFirefox()[pri:0, instance:testsuite.Test_PraticeLocateElement@778d1062]" started-at="2024-05-19T21:34:17 ICT" name="openFirefox" finished-at="2024-05-19T21:34:40 ICT" duration-ms="23386" status="PASS">
          <reporter-output>
          </reporter-output>
        </test-method> <!-- openFirefox -->
        <test-method signature="locateElementbyLinkText2()[pri:0, instance:testsuite.Test_PraticeLocateElement@778d1062]" started-at="2024-05-19T21:34:40 ICT" name="locateElementbyLinkText2" finished-at="2024-05-19T21:34:40 ICT" duration-ms="138" status="PASS">
          <reporter-output>
          </reporter-output>
        </test-method> <!-- locateElementbyLinkText2 -->
      </class> <!-- testsuite.Test_PraticeLocateElement -->
    </test> <!-- Default test -->
  </suite> <!-- Default suite -->
</testng-results>
