<?xml version="1.0" encoding="UTF-8"?>
<testng-results ignored="5" total="6" passed="1" failed="0" skipped="0">
  <reporter-output>
  </reporter-output>
  <suite started-at="2024-05-21T12:24:34 ICT" name="Default suite" finished-at="2024-05-21T12:24:51 ICT" duration-ms="17198">
    <groups>
    </groups>
    <test started-at="2024-05-21T12:24:34 ICT" name="Default test" finished-at="2024-05-21T12:24:51 ICT" duration-ms="17198">
      <class name="automation.testsuite.LongHoang.TS_ParticeLocateElement_Ex2">
        <test-method is-config="true" signature="openFirefox()[pri:0, instance:automation.testsuite.LongHoang.TS_ParticeLocateElement_Ex2@778d1062]" started-at="2024-05-21T12:24:34 ICT" name="openFirefox" finished-at="2024-05-21T12:24:51 ICT" duration-ms="17161" status="PASS">
          <reporter-output>
          </reporter-output>
        </test-method> <!-- openFirefox -->
        <test-method signature="elementTagName()[pri:0, instance:automation.testsuite.LongHoang.TS_ParticeLocateElement_Ex2@778d1062]" started-at="2024-05-21T12:24:51 ICT" name="elementTagName" finished-at="2024-05-21T12:24:51 ICT" duration-ms="22" status="PASS">
          <reporter-output>
          </reporter-output>
        </test-method> <!-- elementTagName -->
      </class> <!-- automation.testsuite.LongHoang.TS_ParticeLocateElement_Ex2 -->
    </test> <!-- Default test -->
  </suite> <!-- Default suite -->
</testng-results>
